<?xml version="1.0" encoding="UTF-8"?>
<!-- Generated by org.testng.reporters.JUnitXMLReporter -->
<testsuite ignored="0" hostname="DESKTOP-0PP78O3" failures="0" tests="7" name="Test" time="0.215" errors="0" timestamp="2023-12-04T11:13:21 IST">
  <testcase classname="testng.SetTest" name="test" time="0.014"/>
  <testcase classname="testng.Set_Priority" name="Ytest" time="0.006"/>
  <testcase classname="testng.Set_Priority" name="Ytest" time="0.005"/>
  <testcase classname="testng.Set_Priority" name="Gtest" time="0.003"/>
  <testcase classname="testng.Set_Priority" name="Gtest" time="0.004"/>
  <testcase classname="testng.Set_Priority" name="Etest" time="0.004"/>
  <testcase classname="testng.Set_Priority" name="Etest" time="0.006"/>
</testsuite> <!-- Test -->
