<?xml version="1.0" encoding="UTF-8"?>
<testng-results ignored="0" total="10" passed="10" failed="0" skipped="0">
  <reporter-output>
  </reporter-output>
  <suite started-at="2023-12-07T14:11:37 IST" name="Default suite" finished-at="2023-12-07T14:15:45 IST" duration-ms="247632">
    <groups>
    </groups>
    <test started-at="2023-12-07T14:11:37 IST" name="Default test" finished-at="2023-12-07T14:15:45 IST" duration-ms="247632">
      <class name="Test.BigBasketTest">
        <test-method signature="verifyLocation()[pri:0, instance:Test.BigBasketTest@13e344d]" started-at="2023-12-07T14:11:37 IST" name="verifyLocation" finished-at="2023-12-07T14:12:08 IST" duration-ms="31213" status="PASS">
          <reporter-output>
          </reporter-output>
        </test-method> <!-- verifyLocation -->
        <test-method signature="verifyLocation()[pri:0, instance:Test.BigBasketTest@13e344d]" started-at="2023-12-07T14:12:08 IST" name="verifyLocation" finished-at="2023-12-07T14:12:31 IST" duration-ms="22352" status="PASS">
          <reporter-output>
          </reporter-output>
        </test-method> <!-- verifyLocation -->
        <test-method signature="verifyRating()[pri:2, instance:Test.BigBasketTest@13e344d]" started-at="2023-12-07T14:12:31 IST" name="verifyRating" finished-at="2023-12-07T14:12:57 IST" duration-ms="26083" status="PASS">
          <reporter-output>
          </reporter-output>
        </test-method> <!-- verifyRating -->
        <test-method signature="verifyPrice()[pri:3, instance:Test.BigBasketTest@13e344d]" started-at="2023-12-07T14:12:57 IST" name="verifyPrice" finished-at="2023-12-07T14:13:34 IST" duration-ms="37300" status="PASS">
          <reporter-output>
          </reporter-output>
        </test-method> <!-- verifyPrice -->
        <test-method signature="verifyLogin()[pri:4, instance:Test.BigBasketTest@13e344d]" started-at="2023-12-07T14:13:34 IST" name="verifyLogin" finished-at="2023-12-07T14:14:12 IST" duration-ms="37552" status="PASS">
          <reporter-output>
          </reporter-output>
        </test-method> <!-- verifyLogin -->
        <test-method signature="verifyBanner()[pri:5, instance:Test.BigBasketTest@13e344d]" started-at="2023-12-07T14:14:12 IST" name="verifyBanner" finished-at="2023-12-07T14:14:46 IST" duration-ms="34925" status="PASS">
          <reporter-output>
          </reporter-output>
        </test-method> <!-- verifyBanner -->
        <test-method signature="verifyPetShop()[pri:6, instance:Test.BigBasketTest@13e344d]" started-at="2023-12-07T14:14:46 IST" name="verifyPetShop" finished-at="2023-12-07T14:14:59 IST" duration-ms="12318" status="PASS">
          <reporter-output>
          </reporter-output>
        </test-method> <!-- verifyPetShop -->
        <test-method signature="verifyTopBanner()[pri:7, instance:Test.BigBasketTest@13e344d]" started-at="2023-12-07T14:14:59 IST" name="verifyTopBanner" finished-at="2023-12-07T14:15:10 IST" duration-ms="11270" status="PASS">
          <reporter-output>
          </reporter-output>
        </test-method> <!-- verifyTopBanner -->
        <test-method signature="verifyAddtocart()[pri:0, instance:Test.BigBasketTest@13e344d]" started-at="2023-12-07T14:15:10 IST" name="verifyAddtocart" finished-at="2023-12-07T14:15:23 IST" depends-on-methods="Test.BigBasketTest.verifyTopBanner" duration-ms="12736" status="PASS">
          <reporter-output>
          </reporter-output>
        </test-method> <!-- verifyAddtocart -->
      </class> <!-- Test.BigBasketTest -->
      <class name="Test.BigBasketTest$Deals">
        <test-method signature="verifyLogin()[pri:9, instance:Test.BigBasketTest$Deals@2ddc9a9f]" started-at="2023-12-07T14:15:23 IST" name="verifyLogin" finished-at="2023-12-07T14:15:45 IST" duration-ms="21722" status="PASS">
          <reporter-output>
          </reporter-output>
        </test-method> <!-- verifyLogin -->
      </class> <!-- Test.BigBasketTest$Deals -->
    </test> <!-- Default test -->
  </suite> <!-- Default suite -->
</testng-results>
