<?xml version="1.0" encoding="UTF-8"?>
<!-- Generated by org.testng.reporters.JUnitXMLReporter -->
<testsuite ignored="0" hostname="DESKTOP-0PP78O3" failures="0" tests="10" name="Default test" time="247.632" errors="0" timestamp="2023-12-07T14:15:45 IST">
  <testcase classname="Test.BigBasketTest" name="verifyLocation" time="31.213"/>
  <testcase classname="Test.BigBasketTest" name="verifyLocation" time="22.352"/>
  <testcase classname="Test.BigBasketTest" name="verifyRating" time="26.083"/>
  <testcase classname="Test.BigBasketTest" name="verifyPrice" time="37.3"/>
  <testcase classname="Test.BigBasketTest" name="verifyLogin" time="37.552"/>
  <testcase classname="Test.BigBasketTest" name="verifyBanner" time="34.925"/>
  <testcase classname="Test.BigBasketTest" name="verifyPetShop" time="12.318"/>
  <testcase classname="Test.BigBasketTest" name="verifyTopBanner" time="11.27"/>
  <testcase classname="Test.BigBasketTest" name="verifyAddtocart" time="12.736"/>
  <testcase classname="Test.BigBasketTest$Deals" name="verifyLogin" time="21.722"/>
</testsuite> <!-- Default test -->
